14:58:23: Creating resource group General
14:58:23: Creating resource group Internal
14:58:23: Creating resource group Autodetect
14:58:23: SceneManagerFactory for type 'DefaultSceneManager' registered.
14:58:23: Registering ResourceManager for type Material
14:58:23: Registering ResourceManager for type Mesh
14:58:23: Registering ResourceManager for type Skeleton
14:58:23: MovableObjectFactory for type 'ParticleSystem' registered.
14:58:23: OverlayElementFactory for type Panel registered.
14:58:23: OverlayElementFactory for type BorderPanel registered.
14:58:23: OverlayElementFactory for type TextArea registered.
14:58:23: Registering ResourceManager for type Font
14:58:23: ArchiveFactory for archive type FileSystem registered.
14:58:23: ArchiveFactory for archive type Zip registered.
14:58:23: DDS codec registering
14:58:23: FreeImage version: 3.13.1
14:58:23: This program uses FreeImage, a free, open source image library supporting all common bitmap formats. See http://freeimage.sourceforge.net for details
14:58:23: Supported formats: bmp,ico,jpg,jif,jpeg,jpe,jng,koa,iff,lbm,mng,pbm,pbm,pcd,pcx,pgm,pgm,png,ppm,ppm,ras,tga,targa,tif,tiff,wap,wbmp,wbm,psd,cut,xbm,xpm,gif,hdr,g3,sgi,exr,j2k,j2c,jp2,pfm,pct,pict,pic,bay,bmq,cr2,crw,cs1,dc2,dcr,dng,erf,fff,hdr,k25,kdc,mdc,mos,mrw,nef,orf,pef,pxn,raf,raw,rdc,sr2,srf,arw,3fr,cine,ia,kc2,mef,nrw,qtk,rw2,sti,drf,dsc,ptx,cap,iiq,rwz
14:58:23: Registering ResourceManager for type HighLevelGpuProgram
14:58:23: Registering ResourceManager for type Compositor
14:58:23: MovableObjectFactory for type 'Entity' registered.
14:58:23: MovableObjectFactory for type 'Light' registered.
14:58:23: MovableObjectFactory for type 'BillboardSet' registered.
14:58:23: MovableObjectFactory for type 'ManualObject' registered.
14:58:23: MovableObjectFactory for type 'BillboardChain' registered.
14:58:23: MovableObjectFactory for type 'RibbonTrail' registered.
14:58:23: *-*-* OGRE Initialising
14:58:23: *-*-* Version 1.7.1 (Cthugha)
14:58:23: Loading library .\RenderSystem_Direct3D9
14:58:23: Installing plugin: D3D9 RenderSystem
14:58:23: D3D9 : Direct3D9 Rendering Subsystem created.
14:58:23: D3D9: Driver Detection Starts
14:58:23: D3D9: Driver Detection Ends
14:58:24: Plugin successfully installed
14:58:24: Loading library .\RenderSystem_GL
14:58:24: Installing plugin: GL RenderSystem
14:58:24: OpenGL Rendering Subsystem created.
14:58:24: Plugin successfully installed
14:58:24: Loading library .\Plugin_ParticleFX
14:58:24: Installing plugin: ParticleFX
14:58:24: Particle Emitter Type 'Point' registered
14:58:24: Particle Emitter Type 'Box' registered
14:58:24: Particle Emitter Type 'Ellipsoid' registered
14:58:24: Particle Emitter Type 'Cylinder' registered
14:58:24: Particle Emitter Type 'Ring' registered
14:58:24: Particle Emitter Type 'HollowEllipsoid' registered
14:58:24: Particle Affector Type 'LinearForce' registered
14:58:24: Particle Affector Type 'ColourFader' registered
14:58:24: Particle Affector Type 'ColourFader2' registered
14:58:24: Particle Affector Type 'ColourImage' registered
14:58:24: Particle Affector Type 'ColourInterpolator' registered
14:58:24: Particle Affector Type 'Scaler' registered
14:58:24: Particle Affector Type 'Rotator' registered
14:58:24: Particle Affector Type 'DirectionRandomiser' registered
14:58:24: Particle Affector Type 'DeflectorPlane' registered
14:58:24: Plugin successfully installed
14:58:24: Loading library .\Plugin_CgProgramManager
14:58:24: Installing plugin: Cg Program Manager
14:58:24: Plugin successfully installed
14:58:24: D3D9 : RenderSystem Option: Allow NVPerfHUD = No
14:58:24: D3D9 : RenderSystem Option: FSAA = 0
14:58:24: D3D9 : RenderSystem Option: Floating-point mode = Fastest
14:58:24: D3D9 : RenderSystem Option: Full Screen = No
14:58:24: D3D9 : RenderSystem Option: Rendering Device = Monitor-1-NVIDIA GeForce 8800 GTS
14:58:24: D3D9 : RenderSystem Option: Resource Creation Policy = Create on all devices
14:58:24: D3D9 : RenderSystem Option: VSync = No
14:58:24: D3D9 : RenderSystem Option: VSync Interval = 1
14:58:25: D3D9 : RenderSystem Option: Video Mode = 800 x 600 @ 32-bit colour
14:58:25: D3D9 : RenderSystem Option: sRGB Gamma Conversion = No
14:58:25: Warning: Invalid value 'N/A' for property 'Display Frequency' of Render System 'OpenGL Rendering Subsystem'! Default value '60' is used instead
14:58:25: Creating resource group Bootstrap
14:58:25: Added resource location '../media/packs/OgreCore.zip' of type 'Zip' to resource group 'Bootstrap'
14:58:25: Added resource location '../media' of type 'FileSystem' to resource group 'General'
14:58:25: Added resource location '../media/gui' of type 'FileSystem' to resource group 'General'
14:58:25: Added resource location '../media/gui/fonts' of type 'FileSystem' to resource group 'General'
14:58:25: Added resource location '../media/gui/configs' of type 'FileSystem' to resource group 'General'
14:58:25: Added resource location '../media/gui/imagesets' of type 'FileSystem' to resource group 'General'
14:58:25: Added resource location '../media/gui/looknfeel' of type 'FileSystem' to resource group 'General'
14:58:25: Added resource location '../media/gui/lua_scripts' of type 'FileSystem' to resource group 'General'
14:58:25: Added resource location '../media/gui/schemes' of type 'FileSystem' to resource group 'General'
14:58:25: Added resource location '../media/dotScene' of type 'FileSystem' to resource group 'General'
14:58:25: Added resource location '../media/dotScene/test' of type 'FileSystem' to resource group 'General'
14:58:25: Added resource location '../media/fonts' of type 'FileSystem' to resource group 'General'
14:58:25: Added resource location '../media/materials/programs' of type 'FileSystem' to resource group 'General'
14:58:25: Added resource location '../media/materials/scripts' of type 'FileSystem' to resource group 'General'
14:58:25: Added resource location '../media/materials/textures' of type 'FileSystem' to resource group 'General'
14:58:25: Added resource location '../media/models' of type 'FileSystem' to resource group 'General'
14:58:25: Added resource location '../media/overlays' of type 'FileSystem' to resource group 'General'
14:58:25: Added resource location '../media/particle' of type 'FileSystem' to resource group 'General'
14:58:25: Added resource location '../media/DeferredShadingMedia' of type 'FileSystem' to resource group 'General'
14:58:25: Added resource location '../media/icons' of type 'FileSystem' to resource group 'General'
14:58:25: Added resource location '../media/packs/cubemap.zip' of type 'Zip' to resource group 'General'
14:58:25: Added resource location '../media/packs/cubemapsJS.zip' of type 'Zip' to resource group 'General'
14:58:25: Added resource location '../media/packs/dragon.zip' of type 'Zip' to resource group 'General'
14:58:25: Added resource location '../media/packs/fresneldemo.zip' of type 'Zip' to resource group 'General'
14:58:25: Added resource location '../media/packs/ogretestmap.zip' of type 'Zip' to resource group 'General'
14:58:25: Added resource location '../media/gui/layouts-lol4' of type 'FileSystem' to resource group 'General'
14:58:25: Added resource location '../media/packs/skybox.zip' of type 'Zip' to resource group 'General'
14:58:25: Added resource location '../media/sound' of type 'FileSystem' to resource group 'General'
14:58:25: Creating resource group Level
14:58:25: Added resource location '../media/level' of type 'FileSystem' to resource group 'Level'
14:58:25: Creating resource group Savegame
14:58:25: Added resource location '../media/savegame' of type 'FileSystem' to resource group 'Savegame'
14:58:25: Creating resource group Temp
14:58:25: Added resource location '../media/temp' of type 'FileSystem' to resource group 'Temp'
14:58:25: Creating resource group Collision
14:58:25: Added resource location '../media/level/collision' of type 'FileSystem' to resource group 'Collision'
14:58:25: Creating resource group game_data
14:58:25: Added resource location '../media/data' of type 'FileSystem' to resource group 'game_data'
14:58:25: Creating resource group ET
14:58:25: Added resource location '../media/ET' of type 'FileSystem' to resource group 'ET'
14:58:25: Creating resource group ETBrushes
14:58:25: Added resource location '../media/ET/Brushes' of type 'FileSystem' to resource group 'ETBrushes'
14:58:25: Creating resource group ETTextures
14:58:25: Added resource location '../media/ET/Textures' of type 'FileSystem' to resource group 'ETTextures'
14:58:25: CPU Identifier & Features
14:58:25: -------------------------
14:58:25:  *   CPU ID: GenuineIntel: Intel(R) Core(TM)2 Duo CPU     E6750  @ 2.66GHz
14:58:25:  *      SSE: yes
14:58:25:  *     SSE2: yes
14:58:25:  *     SSE3: yes
14:58:25:  *      MMX: yes
14:58:25:  *   MMXEXT: yes
14:58:25:  *    3DNOW: no
14:58:25:  * 3DNOWEXT: no
14:58:25:  *     CMOV: yes
14:58:25:  *      TSC: yes
14:58:25:  *      FPU: yes
14:58:25:  *      PRO: yes
14:58:25:  *       HT: no
14:58:25: -------------------------
14:58:25: D3D9 : Subsystem Initialising
14:58:25: Registering ResourceManager for type Texture
14:58:25: Registering ResourceManager for type GpuProgram
14:58:25: D3D9RenderSystem::_createRenderWindow "LoL4", 800x600 windowed  miscParams: FSAA=0 FSAAHint= colourDepth=32 gamma=false monitorIndex=0 useNVPerfHUD=false vsync=false vsyncInterval=1 
14:58:25: D3D9 : Created D3D9 Rendering Window 'LoL4' : 800x600, 32bpp
14:58:25: D3D9 : WARNING - disabling VSync in windowed mode can cause timing issues at lower frame rates, turn VSync on if you observe this problem.
14:58:25: D3D9: Vertex texture format supported - PF_FLOAT16_RGB
14:58:25: D3D9: Vertex texture format supported - PF_FLOAT16_RGBA
14:58:25: D3D9: Vertex texture format supported - PF_FLOAT32_RGB
14:58:25: D3D9: Vertex texture format supported - PF_FLOAT32_RGBA
14:58:25: D3D9: Vertex texture format supported - PF_FLOAT16_R
14:58:25: D3D9: Vertex texture format supported - PF_FLOAT32_R
14:58:25: D3D9: Vertex texture format supported - PF_FLOAT16_GR
14:58:25: D3D9: Vertex texture format supported - PF_FLOAT32_GR
14:58:25: RenderSystem capabilities
14:58:25: -------------------------
14:58:25: RenderSystem Name: Direct3D9 Rendering Subsystem
14:58:25: GPU Vendor: nvidia
14:58:25: Device Name: Monitor-1-NVIDIA GeForce 8800 GTS
14:58:25: Driver Version: 6.14.11.9745
14:58:25:  * Fixed function pipeline: yes
14:58:25:  * Hardware generation of mipmaps: yes
14:58:25:  * Texture blending: yes
14:58:25:  * Anisotropic texture filtering: yes
14:58:25:  * Dot product texture operation: yes
14:58:25:  * Cube mapping: yes
14:58:25:  * Hardware stencil buffer: yes
14:58:25:    - Stencil depth: 8
14:58:25:    - Two sided stencil support: yes
14:58:25:    - Wrap stencil values: yes
14:58:25:  * Hardware vertex / index buffers: yes
14:58:25:  * Vertex programs: yes
14:58:25:  * Number of floating-point constants for vertex programs: 256
14:58:25:  * Number of integer constants for vertex programs: 16
14:58:25:  * Number of boolean constants for vertex programs: 16
14:58:25:  * Fragment programs: yes
14:58:25:  * Number of floating-point constants for fragment programs: 224
14:58:25:  * Number of integer constants for fragment programs: 16
14:58:25:  * Number of boolean constants for fragment programs: 16
14:58:25:  * Geometry programs: no
14:58:25:  * Number of floating-point constants for geometry programs: 0
14:58:25:  * Number of integer constants for geometry programs: 0
14:58:25:  * Number of boolean constants for geometry programs: 0
14:58:25:  * Supported Shader Profiles: hlsl ps_1_1 ps_1_2 ps_1_3 ps_1_4 ps_2_0 ps_2_a ps_2_b ps_2_x ps_3_0 vs_1_1 vs_2_0 vs_2_a vs_2_x vs_3_0
14:58:25:  * Texture Compression: yes
14:58:25:    - DXT: yes
14:58:25:    - VTC: no
14:58:25:    - PVRTC: no
14:58:25:  * Scissor Rectangle: yes
14:58:25:  * Hardware Occlusion Query: yes
14:58:25:  * User clip planes: yes
14:58:25:  * VET_UBYTE4 vertex element type: yes
14:58:25:  * Infinite far plane projection: yes
14:58:25:  * Hardware render-to-texture: yes
14:58:25:  * Floating point textures: yes
14:58:25:  * Non-power-of-two textures: yes
14:58:25:  * Volume textures: yes
14:58:25:  * Multiple Render Targets: 4
14:58:25:    - With different bit depths: yes
14:58:25:  * Point Sprites: yes
14:58:25:  * Extended point parameters: yes
14:58:25:  * Max Point Size: 10
14:58:25:  * Vertex texture fetch: yes
14:58:25:  * Number of world matrices: 0
14:58:25:  * Number of texture units: 8
14:58:25:  * Stencil buffer depth: 8
14:58:25:  * Number of vertex blend matrices: 0
14:58:25:    - Max vertex textures: 4
14:58:25:    - Vertex textures shared: no
14:58:25:  * Render to Vertex Buffer : no
14:58:25:  * DirectX per stage constants: yes
14:58:25: ***************************************
14:58:25: *** D3D9 : Subsystem Initialised OK ***
14:58:25: ***************************************
14:58:25: DefaultWorkQueue('Root') initialising on thread 001568F0.
14:58:25: DefaultWorkQueue('Root')::WorkerFunc - thread 001BBE20 starting.
14:58:25: DefaultWorkQueue('Root')::WorkerFunc - thread 001BBE50 starting.
14:58:25: Particle Renderer Type 'billboard' registered
14:58:25: Parsing scripts for resource group Autodetect
14:58:25: Finished parsing scripts for resource group Autodetect
14:58:25: Parsing scripts for resource group Bootstrap
14:58:25: Parsing script OgreCore.material
14:58:25: Parsing script OgreProfiler.material
14:58:25: Parsing script Ogre.fontdef
14:58:25: Parsing script OgreDebugPanel.overlay
14:58:25: Texture: New_Ogre_Border_Center.png: Loading 1 faces(PF_A8R8G8B8,256x128x1) with  hardware generated mipmaps from Image. Internal format is PF_A8R8G8B8,256x128x1.
14:58:25: Texture: New_Ogre_Border.png: Loading 1 faces(PF_A8R8G8B8,256x256x1) with  hardware generated mipmaps from Image. Internal format is PF_A8R8G8B8,256x256x1.
14:58:25: Texture: New_Ogre_Border_Break.png: Loading 1 faces(PF_A8R8G8B8,32x32x1) with  hardware generated mipmaps from Image. Internal format is PF_A8R8G8B8,32x32x1.
14:58:25: Texture: ogretext.png: Loading 1 faces(PF_A8R8G8B8,256x128x1) with  hardware generated mipmaps from Image. Internal format is PF_A8R8G8B8,256x128x1.
14:58:25: Parsing script OgreLoadingPanel.overlay
14:58:25: Finished parsing scripts for resource group Bootstrap
14:58:25: Parsing scripts for resource group Collision
14:58:25: Finished parsing scripts for resource group Collision
14:58:25: Parsing scripts for resource group ET
14:58:25: Parsing script ETShader.program
14:58:25: Parsing script ETTerrain.material
14:58:25: Parsing script ETTerrainBase.material
14:58:25: Finished parsing scripts for resource group ET
14:58:25: Parsing scripts for resource group ETBrushes
14:58:25: Finished parsing scripts for resource group ETBrushes
14:58:25: Parsing scripts for resource group ETTextures
14:58:25: Finished parsing scripts for resource group ETTextures
14:58:25: Parsing scripts for resource group General
14:58:25: Parsing script Examples.program
14:58:25: Parsing script StdQuad_vp.program
14:58:25: Parsing script deferred.glsl.program
14:58:25: Parsing script deferred.hlsl.program
14:58:25: Parsing script deferred_post.program
14:58:25: Parsing script deferred_post_debug.glsl.program
14:58:25: Parsing script deferred_post_debug.hlsl.program
14:58:25: Parsing script deferred_post_minilight.glsl.program
14:58:25: Parsing script deferred_post_minilight.hlsl.program
14:58:25: OGRE EXCEPTION(2:InvalidParametersException): Parameter called lightSpecularColor does not exist.  in GpuProgramParameters::_findNamedConstantDefinition at ..\..\..\..\OgreMain\src\OgreGpuProgramParams.cpp (line 1433)
14:58:26: Compiler error: invalid parameters in deferred_post_minilight.hlsl.program(26): setting of constant failed
14:58:26: Parsing script deferred_post_multipass.glsl.program
14:58:26: Parsing script deferred_post_multipass.hlsl.program
14:58:26: Parsing script deferred_post_onepass.glsl.program
14:58:26: Parsing script deferred_post_onepass.hlsl.program
14:58:26: Parsing script ShadowCaster.program
14:58:26: Parsing script ASCII.material
14:58:26: Parsing script ASMSwizzle.material
14:58:26: Compiler error: object unsupported by render system in ASMSwizzle.material(1)
14:58:26: Parsing script Axt3.material
14:58:26: Parsing script BlackAndWhite.material
14:58:26: Parsing script Bloom.material
14:58:26: Parsing script Bloom2.material
14:58:26: Parsing script bow.material
14:58:26: Parsing script box.material
14:58:26: Parsing script CGSwizzle.material
14:58:26: Parsing script CompositorDemo.material
14:58:26: Parsing script Crystals.material
14:58:26: Parsing script default.material
14:58:26: Parsing script DepthShadowmap.material
14:58:26: Parsing script Dither.material
14:58:26: Parsing script DOF.material
14:58:26: Parsing script Embossed.material
14:58:26: Parsing script Example-DynTex.material
14:58:26: Parsing script Example-Water.material
14:58:26: Parsing script Example.material
14:58:26: Parsing script Examples-Advanced.material
14:58:27: Parsing script Examples-DynTex.material
14:58:27: Parsing script Examples-Water.material
14:58:27: Parsing script Examples.material
14:58:27: OGRE EXCEPTION(2:InvalidParametersException): Parameter called camObjPos does not exist.  in GpuProgramParameters::_findNamedConstantDefinition at ..\..\..\..\OgreMain\src\OgreGpuProgramParams.cpp (line 1433)
14:58:27: Compiler error: invalid parameters in Examples.material(837): setting of constant failed
14:58:27: Parsing script facial.material
14:58:27: Parsing script Glass.material
14:58:27: Parsing script GLSLSwizzle.material
14:58:27: Parsing script Halftone.material
14:58:27: Parsing script hdr.material
14:58:27: Parsing script HeatVision.material
14:58:27: Parsing script Hurt.material
14:58:27: Parsing script instancing.material
14:58:27: Parsing script Invert.material
14:58:27: Parsing script IsoSurf.material
14:58:27: Parsing script itemtest.material
14:58:27: Parsing script Laplace.material
14:58:27: Parsing script MotionBlur.material
14:58:27: Parsing script MRTtest.material
14:58:27: Parsing script NightVision.material
14:58:27: Parsing script Ocean.material
14:58:27: Parsing script OffsetMapping.material
14:58:27: Parsing script Ogre.material
14:58:27: Parsing script OldMovie.material
14:58:28: Parsing script OldTV.material
14:58:28: Parsing script orcsword.material
14:58:28: Parsing script ParticleGS.material
14:58:28: OGRE EXCEPTION(7:InternalErrorException): Unable to compile Cg program Ogre/ParticleGS/GenerateVS: CG ERROR : The compile returned an error.
(0) : error C6015: Output 'POSITION' not completely written
 in CgProgram::loadFromSource at ..\..\..\..\..\PlugIns\CgProgramManager\src\OgreCgProgramManagerDll.cpp (line 67)
14:58:28: High-level program Ogre/ParticleGS/GenerateVS encountered an error during loading and is thus not supported.
OGRE EXCEPTION(7:InternalErrorException): Unable to compile Cg program Ogre/ParticleGS/GenerateVS: CG ERROR : The compile returned an error.
(0) : error C6015: Output 'POSITION' not completely written
 in CgProgram::loadFromSource at ..\..\..\..\..\PlugIns\CgProgramManager\src\OgreCgProgramManagerDll.cpp (line 67)
14:58:28: OGRE EXCEPTION(7:InternalErrorException): Unable to compile Cg program Ogre/ParticleGS/DisplayVS: CG ERROR : The compile returned an error.
(249) : warning C7050: "output.color" might be used before being initialized
(0) : error C6015: Output 'POSITION' not completely written
 in CgProgram::loadFromSource at ..\..\..\..\..\PlugIns\CgProgramManager\src\OgreCgProgramManagerDll.cpp (line 67)
14:58:28: High-level program Ogre/ParticleGS/DisplayVS encountered an error during loading and is thus not supported.
OGRE EXCEPTION(7:InternalErrorException): Unable to compile Cg program Ogre/ParticleGS/DisplayVS: CG ERROR : The compile returned an error.
(249) : warning C7050: "output.color" might be used before being initialized
(0) : error C6015: Output 'POSITION' not completely written
 in CgProgram::loadFromSource at ..\..\..\..\..\PlugIns\CgProgramManager\src\OgreCgProgramManagerDll.cpp (line 67)
14:58:28: OGRE EXCEPTION(7:InternalErrorException): Unable to compile Cg program Ogre/ParticleGS/DisplayPS: CG ERROR : The compile returned an error.
(323) : fatal error C9999: unexpected cast operation
 in CgProgram::loadFromSource at ..\..\..\..\..\PlugIns\CgProgramManager\src\OgreCgProgramManagerDll.cpp (line 67)
14:58:28: High-level program Ogre/ParticleGS/DisplayPS encountered an error during loading and is thus not supported.
OGRE EXCEPTION(7:InternalErrorException): Unable to compile Cg program Ogre/ParticleGS/DisplayPS: CG ERROR : The compile returned an error.
(323) : fatal error C9999: unexpected cast operation
 in CgProgram::loadFromSource at ..\..\..\..\..\PlugIns\CgProgramManager\src\OgreCgProgramManagerDll.cpp (line 67)
14:58:28: Parsing script Penguin.material
14:58:28: Parsing script Posterize.material
14:58:28: Parsing script pratest.material
14:58:28: Parsing script pssm.material
14:58:28: Parsing script RadialBlur.material
14:58:28: Parsing script RZR-002.material
14:58:28: Parsing script Scene.material
14:58:28: Parsing script ShaderSystem.material
14:58:28: Parsing script shadows.material
14:58:28: Parsing script SharpenEdges.material
14:58:28: Parsing script sibenik.material
14:58:28: Parsing script smoke.material
14:58:28: Parsing script StreitAxt.material
14:58:28: Parsing script Tiling.material
14:58:28: Parsing script ugly.material
14:58:28: Parsing script VarianceShadowmap.material
14:58:28: Parsing script wood_door.material
14:58:28: Parsing script zombie.material
14:58:28: Parsing script deferred.material
14:58:28: Parsing script deferreddemo.material
14:58:28: Parsing script deferred_post.material
14:58:28: Parsing script deferred_post_debug.material
14:58:28: Parsing script deferred_post_minilight.material
14:58:28: Parsing script deferred_post_multipass.material
14:58:28: Parsing script deferred_post_onepass.material
14:58:28: Parsing script ShadowCaster.material
14:58:28: Parsing script ssao.material
14:58:28: Parsing script RomanBath.material
14:58:28: Parsing script emitted_emitter.particle
14:58:28: Parsing script Example-Water.particle
14:58:28: Parsing script Example.particle
14:58:28: Parsing script Examples-Water.particle
14:58:28: Parsing script Examples.particle
14:58:28: Parsing script pra.particle
14:58:28: Parsing script smoke.particle
14:58:28: Parsing script Examples.compositor
14:58:28: Parsing script deferred.compositor
14:58:28: Parsing script ssao.compositor
14:58:28: Parsing script OgreNewt.fontdef
14:58:28: Parsing script sample.fontdef
14:58:28: Parsing script Compositor.overlay
14:58:28: Parsing script DP3.overlay
14:58:28: Parsing script Example-CubeMapping.overlay
14:58:28: Parsing script Example-DynTex.overlay
14:58:28: Parsing script Example-Water.overlay
14:58:28: Parsing script Shadows.overlay
14:58:28: Finished parsing scripts for resource group General
14:58:28: Parsing scripts for resource group Internal
14:58:28: Finished parsing scripts for resource group Internal
14:58:28: Parsing scripts for resource group Level
14:58:28: Finished parsing scripts for resource group Level
14:58:28: Parsing scripts for resource group Savegame
14:58:28: Finished parsing scripts for resource group Savegame
14:58:28: Parsing scripts for resource group Temp
14:58:28: Finished parsing scripts for resource group Temp
14:58:28: Parsing scripts for resource group game_data
14:58:28: Finished parsing scripts for resource group game_data
14:58:28: Mesh: Loading knot.mesh.
14:58:28: PRA: Registering object 'ogre' of type gtDynamic: the ID is alerady taken by a gtDoor object. Deleting former definition
14:58:28: PRA: Registering object 'kiste' of type gtContainer: the ID is alerady taken by a gtDynamic object. Deleting former definition
14:58:28: PRA: Registering object 'player' of type gtCharacter: the ID is alerady taken by a gtCharacter object. Deleting former definition
14:58:28: PRA: game data geladen
14:58:29: Texture: _cegui_ogre_0: Loading 1 faces(PF_A8B8G8R8,256x256x1) with 0 generated mipmaps from Image. Internal format is PF_A8R8G8B8,256x256x1.
14:58:29: Texture: _cegui_ogre_1: Loading 1 faces(PF_A8B8G8R8,1024x1017x1) with 0 generated mipmaps from Image. Internal format is PF_A8R8G8B8,1024x1017x1.
14:58:29: Texture: _cegui_ogre_2: Loading 1 faces(PF_A8B8G8R8,800x600x1) with 0 generated mipmaps from Image. Internal format is PF_A8R8G8B8,800x600x1.
14:58:29: OGRE EXCEPTION(6:FileNotFoundException): Cannot locate resource game-ingame.layout in resource group General or any other group. in ResourceGroupManager::openResource at ..\..\..\..\OgreMain\src\OgreResourceGroupManager.cpp (line 753)
14:58:52: DefaultWorkQueue('Root') shutting down on thread 001568F0.
14:58:52: DefaultWorkQueue('Root')::WorkerFunc - thread 001BBE20 stopped.
14:58:52: DefaultWorkQueue('Root')::WorkerFunc - thread 001BBE50 stopped.
14:58:52: *-*-* OGRE Shutdown
14:58:52: Unregistering ResourceManager for type Compositor
14:58:52: Unregistering ResourceManager for type Font
14:58:52: Unregistering ResourceManager for type Skeleton
14:58:52: Unregistering ResourceManager for type Mesh
14:58:52: Unregistering ResourceManager for type HighLevelGpuProgram
14:58:52: Uninstalling plugin: Cg Program Manager
14:58:52: Plugin successfully uninstalled
14:58:52: Unloading library .\Plugin_CgProgramManager
14:58:52: Uninstalling plugin: ParticleFX
14:58:52: Plugin successfully uninstalled
14:58:52: Unloading library .\Plugin_ParticleFX
14:58:52: Uninstalling plugin: GL RenderSystem
14:58:52: *** Stopping Win32GL Subsystem ***
14:58:52: Plugin successfully uninstalled
14:58:52: Unloading library .\RenderSystem_GL
14:58:52: Uninstalling plugin: D3D9 RenderSystem
14:58:52: D3D9 : Shutting down cleanly.
14:58:52: Unregistering ResourceManager for type Texture
14:58:52: Unregistering ResourceManager for type GpuProgram
14:58:52: D3D9 : Direct3D9 Rendering Subsystem destroyed.
14:58:52: Plugin successfully uninstalled
14:58:52: Unloading library .\RenderSystem_Direct3D9
14:58:52: Unregistering ResourceManager for type Material
